Copyright 1986-2018 Xilinx, Inc. All Rights Reserved.
-------------------------------------------------------------------------------------------
| Tool Version : Vivado v.2018.3 (lin64) Build 2405991 Thu Dec  6 23:36:41 MST 2018
| Date         : Mon Apr  5 04:13:34 2021
| Host         : localhost.localdomain running 64-bit CentOS Linux release 7.9.2009 (Core)
| Command      : upgrade_ip
| Device       : xc7z020clg400-1
-------------------------------------------------------------------------------------------

Upgrade Log for IP 'design_1_Policy_Server_0_0'

1. Summary
----------

SUCCESS in the conversion of design_1_Policy_Server_0_0 (Digilent:user:Policy_Server:3.0 (Rev. 5)) to Vivado generation flows.






Copyright 1986-2018 Xilinx, Inc. All Rights Reserved.
-------------------------------------------------------------------------------------------
| Tool Version : Vivado v.2018.3 (lin64) Build 2405991 Thu Dec  6 23:36:41 MST 2018
| Date         : Mon Apr  5 01:06:26 2021
| Host         : localhost.localdomain running 64-bit CentOS Linux release 7.9.2009 (Core)
| Command      : upgrade_ip
| Device       : xc7z020clg400-1
-------------------------------------------------------------------------------------------

Upgrade Log for IP 'design_1_Policy_Server_0_0'

1. Summary
----------

SUCCESS in the upgrade of design_1_Policy_Server_0_0 (Digilent:user:Policy_Server:3.0) from (Rev. 4) to (Rev. 5)






Copyright 1986-2018 Xilinx, Inc. All Rights Reserved.
-------------------------------------------------------------------------------------------
| Tool Version : Vivado v.2018.3 (lin64) Build 2405991 Thu Dec  6 23:36:41 MST 2018
| Date         : Sun Apr  4 22:50:08 2021
| Host         : localhost.localdomain running 64-bit CentOS Linux release 7.9.2009 (Core)
| Command      : upgrade_ip
| Device       : xc7z020clg400-1
-------------------------------------------------------------------------------------------

Upgrade Log for IP 'design_1_Policy_Server_0_0'

1. Summary
----------

SUCCESS in the upgrade of design_1_Policy_Server_0_0 (Digilent:user:Policy_Server:3.0) from (Rev. 3) to (Rev. 4)






Copyright 1986-2018 Xilinx, Inc. All Rights Reserved.
-------------------------------------------------------------------------------------------
| Tool Version : Vivado v.2018.3 (lin64) Build 2405991 Thu Dec  6 23:36:41 MST 2018
| Date         : Sun Apr  4 22:41:16 2021
| Host         : localhost.localdomain running 64-bit CentOS Linux release 7.9.2009 (Core)
| Command      : upgrade_ip
| Device       : xc7z020clg400-1
-------------------------------------------------------------------------------------------

Upgrade Log for IP 'design_1_Policy_Server_0_0'

1. Summary
----------

SUCCESS in the upgrade of design_1_Policy_Server_0_0 (Digilent:user:Policy_Server:3.0) from (Rev. 2) to (Rev. 3)






Copyright 1986-2018 Xilinx, Inc. All Rights Reserved.
-------------------------------------------------------------------------------------------
| Tool Version : Vivado v.2018.3 (lin64) Build 2405991 Thu Dec  6 23:36:41 MST 2018
| Date         : Sun Apr  4 21:50:31 2021
| Host         : localhost.localdomain running 64-bit CentOS Linux release 7.9.2009 (Core)
| Command      : upgrade_ip
| Device       : xc7z020clg400-1
-------------------------------------------------------------------------------------------

Upgrade Log for IP 'design_1_Sandbox_0_0'

1. Summary
----------

CAUTION (success, with warnings) in the upgrade of design_1_Sandbox_0_0 (Digilent:user:Sandbox:1.0) from (Rev. 1) to (Rev. 3)

After upgrade, an IP may have parameter and port differences compared to the original customization. Please review the parameters within the IP customization GUI to ensure proper functionality. Also, please review the updated IP instantiation template to ensure proper connectivity, and update your design if required.

2. Interface Information
------------------------

Detected external interface differences while upgrading 'design_1_Sandbox_0_0'.


-Upgrade has added interface 'reset' (xilinx.com:signal:reset:1.0)


3. Connection Warnings
----------------------

Detected external port differences while upgrading 'design_1_Sandbox_0_0'. These changes may impact your design.


-Upgrade has added port 'CaptureWR'

-Upgrade has added port 'UpdateWR'

-Upgrade has added port 'WSI'

-Upgrade has added port 'WSO'

-Upgrade has added port 'dutycycle_to_ip'

-Upgrade has added port 'pwm_from_ip'

-Upgrade has added port 'reset'







Copyright 1986-2018 Xilinx, Inc. All Rights Reserved.
-------------------------------------------------------------------------------------------
| Tool Version : Vivado v.2018.3 (lin64) Build 2405991 Thu Dec  6 23:36:41 MST 2018
| Date         : Sun Apr  4 20:55:13 2021
| Host         : localhost.localdomain running 64-bit CentOS Linux release 7.9.2009 (Core)
| Command      : upgrade_ip
| Device       : xc7z020clg400-1
-------------------------------------------------------------------------------------------

Upgrade Log for IP 'design_1_IPFW_0_0'

1. Summary
----------

CAUTION (success, with warnings) in the upgrade of design_1_IPFW_0_0 (Digilent:user:IPFW:3.0) from (Rev. 1) to (Rev. 3)

After upgrade, an IP may have parameter and port differences compared to the original customization. Please review the parameters within the IP customization GUI to ensure proper functionality. Also, please review the updated IP instantiation template to ensure proper connectivity, and update your design if required.

2. Interface Information
------------------------

Detected external interface differences while upgrading 'design_1_IPFW_0_0'.


-Upgrade has added interface 'reset' (xilinx.com:signal:reset:1.0)


3. Connection Warnings
----------------------

Detected external port differences while upgrading 'design_1_IPFW_0_0'. These changes may impact your design.


-Upgrade has added port 'CaptureWR'

-Upgrade has added port 'UpdateWR'

-Upgrade has added port 'WSI'

-Upgrade has added port 'WSO'

-Upgrade has added port 'cypher_from_ip'

-Upgrade has added port 'go_IP'

-Upgrade has added port 'indata_to_ip'

-Upgrade has added port 'inexp_to_ip'

-Upgrade has added port 'inmod_to_ip'

-Upgrade has added port 'ready_IP'

-Upgrade has added port 'reset'


