#-----------------------------------------------------------
# Webtalk v2018.3 (64-bit)
# SW Build 2405991 on Thu Dec  6 23:36:41 MST 2018
# 
# Start of session at: Mon Apr  5 10:23:42 2021
# Process ID: 6225
# Current directory: /home/ssaha/Vivado_projects/Secured_SoC/Secured_SoC.sdk/webtalk
# Command line: wbtcv -mode batch -source sdk_webtalk.tcl
# Log file: /home/ssaha/Vivado_projects/Secured_SoC/Secured_SoC.sdk/webtalk/webtalk.log
# Journal file: /home/ssaha/Vivado_projects/Secured_SoC/Secured_SoC.sdk/webtalk/webtalk.jou
#-----------------------------------------------------------
source sdk_webtalk.tcl
# webtalk_init -webtalk_dir /home/ssaha/Vivado_projects/Secured_SoC/Secured_SoC.sdk/webtalk
# webtalk_register_client -client project
# webtalk_add_data -client project -key date_generated -value "2021-04-05 10:23:39" -context "software_version_and_target_device"
# webtalk_add_data -client project -key product_version -value "SDK v2018.3" -context "software_version_and_target_device"
# webtalk_add_data -client project -key build_version -value "2018.3" -context "software_version_and_target_device"
# webtalk_add_data -client project -key os_platform -value "amd64" -context "software_version_and_target_device"
# webtalk_add_data -client project -key registration_id -value "" -context "software_version_and_target_device"
# webtalk_add_data -client project -key tool_flow -value "SDK" -context "software_version_and_target_device"
# webtalk_add_data -client project -key beta -value "false" -context "software_version_and_target_device"
# webtalk_add_data -client project -key route_design -value "NA" -context "software_version_and_target_device"
# webtalk_add_data -client project -key target_family -value "NA" -context "software_version_and_target_device"
# webtalk_add_data -client project -key target_device -value "NA" -context "software_version_and_target_device"
# webtalk_add_data -client project -key target_package -value "NA" -context "software_version_and_target_device"
# webtalk_add_data -client project -key target_speed -value "NA" -context "software_version_and_target_device"
# webtalk_add_data -client project -key random_id -value "f3i9qa20pkjpa4gfb6im1kq6gi" -context "software_version_and_target_device"
# webtalk_add_data -client project -key project_id -value "2018.3_58" -context "software_version_and_target_device"
# webtalk_add_data -client project -key project_iteration -value "58" -context "software_version_and_target_device"
# webtalk_add_data -client project -key os_name -value "CentOS" -context "user_environment"
# webtalk_add_data -client project -key os_release -value "CentOS Linux release 7.9.2009 (Core)" -context "user_environment"
# webtalk_add_data -client project -key cpu_name -value "Intel(R) Core(TM) i7-5650U CPU @ 2.20GHz" -context "user_environment"
# webtalk_add_data -client project -key cpu_speed -value "2199.998 MHz" -context "user_environment"
# webtalk_add_data -client project -key total_processors -value "1" -context "user_environment"
# webtalk_add_data -client project -key system_ram -value "3.974 GB" -context "user_environment"
# webtalk_register_client -client sdk
# webtalk_add_data -client sdk -key uid -value "1617611570000" -context "sdk\\\\hardware/1617611570000"
# webtalk_add_data -client sdk -key isZynq -value "true" -context "sdk\\\\hardware/1617611570000"
# webtalk_add_data -client sdk -key isZynqMP -value "false" -context "sdk\\\\hardware/1617611570000"
# webtalk_add_data -client sdk -key Processors -value "2" -context "sdk\\\\hardware/1617611570000"
# webtalk_add_data -client sdk -key VivadoVersion -value "2018.3" -context "sdk\\\\hardware/1617611570000"
# webtalk_add_data -client sdk -key Arch -value "zynq" -context "sdk\\\\hardware/1617611570000"
# webtalk_add_data -client sdk -key Device -value "7z020" -context "sdk\\\\hardware/1617611570000"
# webtalk_add_data -client sdk -key IsHandoff -value "true" -context "sdk\\\\hardware/1617611570000"
# webtalk_add_data -client sdk -key os -value "NA" -context "sdk\\\\hardware/1617611570000"
# webtalk_add_data -client sdk -key apptemplate -value "NA" -context "sdk\\\\hardware/1617611570000"
# webtalk_add_data -client sdk -key RecordType -value "HWCreation" -context "sdk\\\\hardware/1617611570000"
# webtalk_add_data -client sdk -key uid -value "1617611653000" -context "sdk\\\\bsp/1617611653000"
# webtalk_add_data -client sdk -key hwid -value "1617611570000" -context "sdk\\\\bsp/1617611653000"
# webtalk_add_data -client sdk -key os -value "standalone" -context "sdk\\\\bsp/1617611653000"
# webtalk_add_data -client sdk -key apptemplate -value "hello_world" -context "sdk\\\\bsp/1617611653000"
# webtalk_add_data -client sdk -key RecordType -value "BSPCreation" -context "sdk\\\\bsp/1617611653000"
# webtalk_add_data -client sdk -key uid -value "1617611660000" -context "sdk\\\\application/1617611660000"
# webtalk_add_data -client sdk -key hwid -value "1617611570000" -context "sdk\\\\application/1617611660000"
# webtalk_add_data -client sdk -key bspid -value "1617611653000" -context "sdk\\\\application/1617611660000"
# webtalk_add_data -client sdk -key newbsp -value "true" -context "sdk\\\\application/1617611660000"
# webtalk_add_data -client sdk -key os -value "standalone" -context "sdk\\\\application/1617611660000"
# webtalk_add_data -client sdk -key apptemplate -value "hello_world" -context "sdk\\\\application/1617611660000"
# webtalk_add_data -client sdk -key RecordType -value "APPCreation" -context "sdk\\\\application/1617611660000"
# webtalk_add_data -client sdk -key LangUsed -value "C" -context "sdk\\\\application/1617611660000"
# webtalk_add_data -client sdk -key Procused -value "ps7_cortexa9" -context "sdk\\\\application/1617611660000"
# webtalk_add_data -client sdk -key projSize -value "205.69140625" -context "sdk\\\\application/1617611660000"
# webtalk_add_data -client sdk -key uid -value "1617612059000" -context "sdk\\\\bsp/1617612059000"
# webtalk_add_data -client sdk -key hwid -value "1617611570000" -context "sdk\\\\bsp/1617612059000"
# webtalk_add_data -client sdk -key os -value "standalone" -context "sdk\\\\bsp/1617612059000"
# webtalk_add_data -client sdk -key apptemplate -value "hello_world" -context "sdk\\\\bsp/1617612059000"
# webtalk_add_data -client sdk -key RecordType -value "BSPCreation" -context "sdk\\\\bsp/1617612059000"
# webtalk_add_data -client sdk -key uid -value "1617612068000" -context "sdk\\\\application/1617612068000"
# webtalk_add_data -client sdk -key hwid -value "1617611570000" -context "sdk\\\\application/1617612068000"
# webtalk_add_data -client sdk -key bspid -value "1617612059000" -context "sdk\\\\application/1617612068000"
# webtalk_add_data -client sdk -key newbsp -value "true" -context "sdk\\\\application/1617612068000"
# webtalk_add_data -client sdk -key os -value "standalone" -context "sdk\\\\application/1617612068000"
# webtalk_add_data -client sdk -key apptemplate -value "hello_world" -context "sdk\\\\application/1617612068000"
# webtalk_add_data -client sdk -key RecordType -value "APPCreation" -context "sdk\\\\application/1617612068000"
# webtalk_add_data -client sdk -key LangUsed -value "C" -context "sdk\\\\application/1617612068000"
# webtalk_add_data -client sdk -key Procused -value "ps7_cortexa9" -context "sdk\\\\application/1617612068000"
# webtalk_add_data -client sdk -key projSize -value "205.828125" -context "sdk\\\\application/1617612068000"
# webtalk_add_data -client sdk -key uid -value "1617615028000" -context "sdk\\\\bsp/1617615028000"
# webtalk_add_data -client sdk -key hwid -value "1617611570000" -context "sdk\\\\bsp/1617615028000"
# webtalk_add_data -client sdk -key os -value "standalone" -context "sdk\\\\bsp/1617615028000"
# webtalk_add_data -client sdk -key apptemplate -value "hello_world" -context "sdk\\\\bsp/1617615028000"
# webtalk_add_data -client sdk -key RecordType -value "BSPCreation" -context "sdk\\\\bsp/1617615028000"
# webtalk_add_data -client sdk -key uid -value "1617615031000" -context "sdk\\\\application/1617615031000"
# webtalk_add_data -client sdk -key hwid -value "1617611570000" -context "sdk\\\\application/1617615031000"
# webtalk_add_data -client sdk -key bspid -value "1617615028000" -context "sdk\\\\application/1617615031000"
# webtalk_add_data -client sdk -key newbsp -value "true" -context "sdk\\\\application/1617615031000"
# webtalk_add_data -client sdk -key os -value "standalone" -context "sdk\\\\application/1617615031000"
# webtalk_add_data -client sdk -key apptemplate -value "hello_world" -context "sdk\\\\application/1617615031000"
# webtalk_add_data -client sdk -key RecordType -value "APPCreation" -context "sdk\\\\application/1617615031000"
# webtalk_add_data -client sdk -key LangUsed -value "C" -context "sdk\\\\application/1617615031000"
# webtalk_add_data -client sdk -key Procused -value "ps7_cortexa9" -context "sdk\\\\application/1617615031000"
# webtalk_add_data -client sdk -key projSize -value "205.85546875" -context "sdk\\\\application/1617615031000"
# webtalk_add_data -client sdk -key uid -value "1617615722000" -context "sdk\\\\bsp/1617615722000"
# webtalk_add_data -client sdk -key hwid -value "1617611570000" -context "sdk\\\\bsp/1617615722000"
# webtalk_add_data -client sdk -key os -value "standalone" -context "sdk\\\\bsp/1617615722000"
# webtalk_add_data -client sdk -key apptemplate -value "hello_world" -context "sdk\\\\bsp/1617615722000"
# webtalk_add_data -client sdk -key RecordType -value "BSPCreation" -context "sdk\\\\bsp/1617615722000"
# webtalk_add_data -client sdk -key uid -value "1617615727000" -context "sdk\\\\application/1617615727000"
# webtalk_add_data -client sdk -key hwid -value "1617611570000" -context "sdk\\\\application/1617615727000"
# webtalk_add_data -client sdk -key bspid -value "1617615722000" -context "sdk\\\\application/1617615727000"
# webtalk_add_data -client sdk -key newbsp -value "true" -context "sdk\\\\application/1617615727000"
# webtalk_add_data -client sdk -key os -value "standalone" -context "sdk\\\\application/1617615727000"
# webtalk_add_data -client sdk -key apptemplate -value "hello_world" -context "sdk\\\\application/1617615727000"
# webtalk_add_data -client sdk -key RecordType -value "APPCreation" -context "sdk\\\\application/1617615727000"
# webtalk_add_data -client sdk -key LangUsed -value "C" -context "sdk\\\\application/1617615727000"
# webtalk_add_data -client sdk -key Procused -value "ps7_cortexa9" -context "sdk\\\\application/1617615727000"
# webtalk_add_data -client sdk -key projSize -value "221.86328125" -context "sdk\\\\application/1617615727000"
# webtalk_add_data -client sdk -key uid -value "NA" -context "sdk\\\\bsp/1617632618467"
# webtalk_add_data -client sdk -key RecordType -value "ToolUsage" -context "sdk\\\\bsp/1617632618467"
# webtalk_add_data -client sdk -key BootgenCount -value "0" -context "sdk\\\\bsp/1617632618467"
# webtalk_add_data -client sdk -key DebugCount -value "31" -context "sdk\\\\bsp/1617632618467"
# webtalk_add_data -client sdk -key PerfCount -value "0" -context "sdk\\\\bsp/1617632618467"
# webtalk_add_data -client sdk -key FlashCount -value "0" -context "sdk\\\\bsp/1617632618467"
# webtalk_add_data -client sdk -key CrossTriggCount -value "0" -context "sdk\\\\bsp/1617632618467"
# webtalk_add_data -client sdk -key QemuDebugCount -value "0" -context "sdk\\\\bsp/1617632618467"
# webtalk_transmit -clientid 2567618684 -regid "" -xml /home/ssaha/Vivado_projects/Secured_SoC/Secured_SoC.sdk/webtalk/usage_statistics_ext_sdk.xml -html /home/ssaha/Vivado_projects/Secured_SoC/Secured_SoC.sdk/webtalk/usage_statistics_ext_sdk.html -wdm /home/ssaha/Vivado_projects/Secured_SoC/Secured_SoC.sdk/webtalk/sdk_webtalk.wdm -intro "<H3>SDK Usage Report</H3><BR>"
# webtalk_terminate
INFO: [Common 17-206] Exiting Webtalk at Mon Apr  5 10:23:43 2021...
