Copyright 1986-2018 Xilinx, Inc. All Rights Reserved.
---------------------------------------------------------------------------------------------
| Tool Version : Vivado v.2018.3 (lin64) Build 2405991 Thu Dec  6 23:36:41 MST 2018
| Date         : Tue Mar 26 17:49:47 2019
| Host         : localhost.localdomain running 64-bit CentOS Linux release 7.6.1810 (Core)
| Command      : report_control_sets -verbose -file design_1_wrapper_control_sets_placed.rpt
| Design       : design_1_wrapper
| Device       : xc7z010
---------------------------------------------------------------------------------------------

Control Set Information

Table of Contents
-----------------
1. Summary
2. Histogram
3. Flip-Flop Distribution
4. Detailed Control Set Information

1. Summary
----------

+----------------------------------------------------------+-------+
|                          Status                          | Count |
+----------------------------------------------------------+-------+
| Number of unique control sets                            |   110 |
| Unused register locations in slices containing registers |   154 |
+----------------------------------------------------------+-------+


2. Histogram
------------

+--------+--------------+
| Fanout | Control Sets |
+--------+--------------+
|      1 |            1 |
|      2 |            1 |
|      4 |            5 |
|      5 |            3 |
|      6 |            1 |
|      8 |           61 |
|     10 |            3 |
|     12 |            2 |
|     13 |            2 |
|     14 |            2 |
|    16+ |           29 |
+--------+--------------+


3. Flip-Flop Distribution
-------------------------

+--------------+-----------------------+------------------------+-----------------+--------------+
| Clock Enable | Synchronous Set/Reset | Asynchronous Set/Reset | Total Registers | Total Slices |
+--------------+-----------------------+------------------------+-----------------+--------------+
| No           | No                    | No                     |             171 |           51 |
| No           | No                    | Yes                    |               4 |            2 |
| No           | Yes                   | No                     |             145 |           44 |
| Yes          | No                    | No                     |             633 |          163 |
| Yes          | No                    | Yes                    |             280 |           69 |
| Yes          | Yes                   | No                     |             757 |          210 |
+--------------+-----------------------+------------------------+-----------------+--------------+


4. Detailed Control Set Information
-----------------------------------

+-------------------------------------------------+----------------------------------------------------------------------------------------------------------------------------------------------------------------+-------------------------------------------------------------------------------------------------------------------------------------------------------+------------------+----------------+
|                   Clock Signal                  |                                                                          Enable Signal                                                                         |                                                                    Set/Reset Signal                                                                   | Slice Load Count | Bel Load Count |
+-------------------------------------------------+----------------------------------------------------------------------------------------------------------------------------------------------------------------+-------------------------------------------------------------------------------------------------------------------------------------------------------+------------------+----------------+
|  design_1_i/processing_system7_0/inst/FCLK_CLK0 | design_1_i/ps7_0_axi_periph/s00_couplers/auto_pc/inst/gen_axilite.gen_b2s_conv.axilite_b2s/WR.aw_channel_0/aw_cmd_fsm_0/m_axi_awready_1                        | design_1_i/ps7_0_axi_periph/s00_couplers/auto_pc/inst/gen_axilite.gen_b2s_conv.axilite_b2s/WR.aw_channel_0/aw_cmd_fsm_0/m_axi_awready_0               |                1 |              1 |
|  design_1_i/processing_system7_0/inst/FCLK_CLK0 | design_1_i/ps7_0_axi_periph/s00_couplers/auto_pc/inst/gen_axilite.gen_b2s_conv.axilite_b2s/WR.b_channel_0/bid_fifo_0/sel                                       |                                                                                                                                                       |                1 |              2 |
|  design_1_i/processing_system7_0/inst/FCLK_CLK0 |                                                                                                                                                                | design_1_i/RSA_0/U0/RSA_v1_0_S00_AXI_inst/slv_reg4[0]                                                                                                 |                2 |              4 |
|  design_1_i/processing_system7_0/inst/FCLK_CLK0 |                                                                                                                                                                | design_1_i/rst_ps7_0_50M/U0/EXT_LPF/lpf_int                                                                                                           |                3 |              4 |
|  design_1_i/processing_system7_0/inst/FCLK_CLK0 |                                                                                                                                                                | design_1_i/ps7_0_axi_periph/s00_couplers/auto_pc/inst/gen_axilite.gen_b2s_conv.axilite_b2s/SI_REG/ar.ar_pipe/aresetn_d_reg[1]_inv_0                   |                3 |              4 |
|  design_1_i/processing_system7_0/inst/FCLK_CLK0 |                                                                                                                                                                | design_1_i/ps7_0_axi_periph/s00_couplers/auto_pc/inst/gen_axilite.gen_b2s_conv.axilite_b2s/SI_REG/aw.aw_pipe/aresetn_d_reg[0]_0                       |                1 |              4 |
|  design_1_i/processing_system7_0/inst/FCLK_CLK0 | design_1_i/Booth_Multiplier_0/U0/Booth_Multiplier_v1_0_S00_AXI_inst/slv_reg3[0]                                                                                |                                                                                                                                                       |                1 |              4 |
|  design_1_i/processing_system7_0/inst/FCLK_CLK0 | design_1_i/ps7_0_axi_periph/s00_couplers/auto_pc/inst/gen_axilite.gen_b2s_conv.axilite_b2s/RD.r_channel_0/rd_data_fifo_0/E[0]                                  | design_1_i/ps7_0_axi_periph/s00_couplers/auto_pc/inst/gen_axilite.gen_b2s_conv.axilite_b2s/areset_d1                                                  |                2 |              5 |
|  design_1_i/processing_system7_0/inst/FCLK_CLK0 | design_1_i/ps7_0_axi_periph/s00_couplers/auto_pc/inst/gen_axilite.gen_b2s_conv.axilite_b2s/RD.r_channel_0/rd_data_fifo_0/cnt_read[4]_i_1_n_0                   | design_1_i/ps7_0_axi_periph/s00_couplers/auto_pc/inst/gen_axilite.gen_b2s_conv.axilite_b2s/areset_d1                                                  |                1 |              5 |
|  design_1_i/processing_system7_0/inst/FCLK_CLK0 | design_1_i/ps7_0_axi_periph/s00_couplers/auto_pc/inst/gen_axilite.gen_b2s_conv.axilite_b2s/RD.ar_channel_0/ar_cmd_fsm_0/m_valid_i_reg                          | design_1_i/ps7_0_axi_periph/s00_couplers/auto_pc/inst/gen_axilite.gen_b2s_conv.axilite_b2s/RD.ar_channel_0/ar_cmd_fsm_0/FSM_sequential_state_reg[0]_0 |                1 |              5 |
|  design_1_i/processing_system7_0/inst/FCLK_CLK0 | design_1_i/rst_ps7_0_50M/U0/SEQ/seq_cnt_en                                                                                                                     | design_1_i/rst_ps7_0_50M/U0/SEQ/SEQ_COUNTER/clear                                                                                                     |                1 |              6 |
|  design_1_i/processing_system7_0/inst/FCLK_CLK0 | design_1_i/RSA_0/U0/RSA_v1_0_S00_AXI_inst/p_1_in[15]                                                                                                           | design_1_i/RSA_0/U0/axi_awready_i_1_n_0                                                                                                               |                1 |              8 |
|  design_1_i/processing_system7_0/inst/FCLK_CLK0 | design_1_i/Booth_Multiplier_0/U0/Booth_Multiplier_v1_0_S00_AXI_inst/slv_reg1[23]_i_1_n_0                                                                       | design_1_i/Booth_Multiplier_0/U0/Booth_Multiplier_v1_0_S00_AXI_inst/axi_awready_i_1_n_0                                                               |                1 |              8 |
|  design_1_i/processing_system7_0/inst/FCLK_CLK0 | design_1_i/RSA_0/U0/RSA_v1_0_S00_AXI_inst/slv_reg1[7]_i_1_n_0                                                                                                  | design_1_i/RSA_0/U0/axi_awready_i_1_n_0                                                                                                               |                1 |              8 |
|  design_1_i/processing_system7_0/inst/FCLK_CLK0 | design_1_i/RSA_0/U0/RSA_v1_0_S00_AXI_inst/slv_reg2[15]_i_1_n_0                                                                                                 | design_1_i/RSA_0/U0/axi_awready_i_1_n_0                                                                                                               |                1 |              8 |
|  design_1_i/processing_system7_0/inst/FCLK_CLK0 | design_1_i/RSA_0/U0/RSA_v1_0_S00_AXI_inst/slv_reg3[7]_i_1_n_0                                                                                                  | design_1_i/RSA_0/U0/axi_awready_i_1_n_0                                                                                                               |                3 |              8 |
|  design_1_i/processing_system7_0/inst/FCLK_CLK0 | design_1_i/RSA_0/U0/RSA_v1_0_S00_AXI_inst/slv_reg1[31]_i_1_n_0                                                                                                 | design_1_i/RSA_0/U0/axi_awready_i_1_n_0                                                                                                               |                1 |              8 |
|  design_1_i/processing_system7_0/inst/FCLK_CLK0 | design_1_i/RSA_0/U0/RSA_v1_0_S00_AXI_inst/p_1_in[23]                                                                                                           | design_1_i/RSA_0/U0/axi_awready_i_1_n_0                                                                                                               |                1 |              8 |
|  design_1_i/processing_system7_0/inst/FCLK_CLK0 | design_1_i/Booth_Multiplier_0/U0/Booth_Multiplier_v1_0_S00_AXI_inst/slv_reg1[15]_i_1_n_0                                                                       | design_1_i/Booth_Multiplier_0/U0/Booth_Multiplier_v1_0_S00_AXI_inst/axi_awready_i_1_n_0                                                               |                2 |              8 |
|  design_1_i/processing_system7_0/inst/FCLK_CLK0 | design_1_i/Booth_Multiplier_0/U0/Booth_Multiplier_v1_0_S00_AXI_inst/slv_reg2[7]_i_1_n_0                                                                        | design_1_i/Booth_Multiplier_0/U0/Booth_Multiplier_v1_0_S00_AXI_inst/axi_awready_i_1_n_0                                                               |                1 |              8 |
|  design_1_i/processing_system7_0/inst/FCLK_CLK0 | design_1_i/RSA_0/U0/RSA_v1_0_S00_AXI_inst/slv_reg3[31]_i_1_n_0                                                                                                 | design_1_i/RSA_0/U0/axi_awready_i_1_n_0                                                                                                               |                2 |              8 |
|  design_1_i/processing_system7_0/inst/FCLK_CLK0 | design_1_i/RSA_0/U0/RSA_v1_0_S00_AXI_inst/p_1_in[31]                                                                                                           | design_1_i/RSA_0/U0/axi_awready_i_1_n_0                                                                                                               |                2 |              8 |
|  design_1_i/processing_system7_0/inst/FCLK_CLK0 | design_1_i/RSA_0/U0/RSA_v1_0_S00_AXI_inst/slv_reg4[31]_i_1_n_0                                                                                                 | design_1_i/RSA_0/U0/axi_awready_i_1_n_0                                                                                                               |                2 |              8 |
|  design_1_i/processing_system7_0/inst/FCLK_CLK0 | design_1_i/RSA_0/U0/RSA_v1_0_S00_AXI_inst/slv_reg1[15]_i_1_n_0                                                                                                 | design_1_i/RSA_0/U0/axi_awready_i_1_n_0                                                                                                               |                1 |              8 |
|  design_1_i/processing_system7_0/inst/FCLK_CLK0 | design_1_i/RSA_0/U0/RSA_v1_0_S00_AXI_inst/slv_reg2[23]_i_1_n_0                                                                                                 | design_1_i/RSA_0/U0/axi_awready_i_1_n_0                                                                                                               |                2 |              8 |
|  design_1_i/processing_system7_0/inst/FCLK_CLK0 | design_1_i/RSA_0/U0/RSA_v1_0_S00_AXI_inst/slv_reg2[31]_i_1_n_0                                                                                                 | design_1_i/RSA_0/U0/axi_awready_i_1_n_0                                                                                                               |                2 |              8 |
|  design_1_i/processing_system7_0/inst/FCLK_CLK0 | design_1_i/RSA_0/U0/RSA_v1_0_S00_AXI_inst/slv_reg3[15]_i_1_n_0                                                                                                 | design_1_i/RSA_0/U0/axi_awready_i_1_n_0                                                                                                               |                2 |              8 |
|  design_1_i/processing_system7_0/inst/FCLK_CLK0 | design_1_i/RSA_0/U0/RSA_v1_0_S00_AXI_inst/slv_reg3[23]_i_1_n_0                                                                                                 | design_1_i/RSA_0/U0/axi_awready_i_1_n_0                                                                                                               |                2 |              8 |
|  design_1_i/processing_system7_0/inst/FCLK_CLK0 | design_1_i/RSA_0/U0/RSA_v1_0_S00_AXI_inst/slv_reg4[15]_i_1_n_0                                                                                                 | design_1_i/RSA_0/U0/axi_awready_i_1_n_0                                                                                                               |                1 |              8 |
|  design_1_i/processing_system7_0/inst/FCLK_CLK0 | design_1_i/Booth_Multiplier_0/U0/Booth_Multiplier_v1_0_S00_AXI_inst/slv_reg3[7]_i_1_n_0                                                                        | design_1_i/Booth_Multiplier_0/U0/Booth_Multiplier_v1_0_S00_AXI_inst/axi_awready_i_1_n_0                                                               |                4 |              8 |
|  design_1_i/processing_system7_0/inst/FCLK_CLK0 | design_1_i/ps7_0_axi_periph/s00_couplers/auto_pc/inst/gen_axilite.gen_b2s_conv.axilite_b2s/WR.b_channel_0/mhandshake_r                                         | design_1_i/ps7_0_axi_periph/s00_couplers/auto_pc/inst/gen_axilite.gen_b2s_conv.axilite_b2s/WR.b_channel_0/bid_fifo_0/SR[0]                            |                3 |              8 |
|  design_1_i/processing_system7_0/inst/FCLK_CLK0 | design_1_i/ps7_0_axi_periph/s00_couplers/auto_pc/inst/gen_axilite.gen_b2s_conv.axilite_b2s/WR.aw_channel_0/cmd_translator_0/incr_cmd_0/axaddr_incr[11]_i_1_n_0 |                                                                                                                                                       |                2 |              8 |
|  design_1_i/processing_system7_0/inst/FCLK_CLK0 | design_1_i/ps7_0_axi_periph/s00_couplers/auto_pc/inst/gen_axilite.gen_b2s_conv.axilite_b2s/WR.aw_channel_0/aw_cmd_fsm_0/E[0]                                   |                                                                                                                                                       |                5 |              8 |
|  design_1_i/processing_system7_0/inst/FCLK_CLK0 | design_1_i/ps7_0_axi_periph/s00_couplers/auto_pc/inst/gen_axilite.gen_b2s_conv.axilite_b2s/RD.ar_channel_0/ar_cmd_fsm_0/sel_first_reg[0]                       |                                                                                                                                                       |                2 |              8 |
|  design_1_i/processing_system7_0/inst/FCLK_CLK0 | design_1_i/ps7_0_axi_periph/s00_couplers/auto_pc/inst/gen_axilite.gen_b2s_conv.axilite_b2s/RD.ar_channel_0/ar_cmd_fsm_0/E[0]                                   |                                                                                                                                                       |                3 |              8 |
|  design_1_i/processing_system7_0/inst/FCLK_CLK0 | design_1_i/Booth_Multiplier_0/U0/Booth_Multiplier_v1_0_S00_AXI_inst/p_1_in[7]                                                                                  | design_1_i/Booth_Multiplier_0/U0/Booth_Multiplier_v1_0_S00_AXI_inst/axi_awready_i_1_n_0                                                               |                1 |              8 |
|  design_1_i/processing_system7_0/inst/FCLK_CLK0 | design_1_i/Booth_Multiplier_0/U0/Booth_Multiplier_v1_0_S00_AXI_inst/p_1_in[15]                                                                                 | design_1_i/Booth_Multiplier_0/U0/Booth_Multiplier_v1_0_S00_AXI_inst/axi_awready_i_1_n_0                                                               |                3 |              8 |
|  design_1_i/processing_system7_0/inst/FCLK_CLK0 | design_1_i/Booth_Multiplier_0/U0/Booth_Multiplier_v1_0_S00_AXI_inst/p_1_in[23]                                                                                 | design_1_i/Booth_Multiplier_0/U0/Booth_Multiplier_v1_0_S00_AXI_inst/axi_awready_i_1_n_0                                                               |                2 |              8 |
|  design_1_i/processing_system7_0/inst/FCLK_CLK0 | design_1_i/Booth_Multiplier_0/U0/Booth_Multiplier_v1_0_S00_AXI_inst/p_1_in[31]                                                                                 | design_1_i/Booth_Multiplier_0/U0/Booth_Multiplier_v1_0_S00_AXI_inst/axi_awready_i_1_n_0                                                               |                2 |              8 |
|  design_1_i/processing_system7_0/inst/FCLK_CLK0 | design_1_i/Booth_Multiplier_0/U0/Booth_Multiplier_v1_0_S00_AXI_inst/slv_reg1[31]_i_1_n_0                                                                       | design_1_i/Booth_Multiplier_0/U0/Booth_Multiplier_v1_0_S00_AXI_inst/axi_awready_i_1_n_0                                                               |                1 |              8 |
|  design_1_i/processing_system7_0/inst/FCLK_CLK0 | design_1_i/Booth_Multiplier_0/U0/Booth_Multiplier_v1_0_S00_AXI_inst/slv_reg3[31]_i_1_n_0                                                                       | design_1_i/Booth_Multiplier_0/U0/Booth_Multiplier_v1_0_S00_AXI_inst/axi_awready_i_1_n_0                                                               |                2 |              8 |
|  design_1_i/processing_system7_0/inst/FCLK_CLK0 | design_1_i/Booth_Multiplier_0/U0/Booth_Multiplier_v1_0_S00_AXI_inst/slv_reg3[23]_i_1_n_0                                                                       | design_1_i/Booth_Multiplier_0/U0/Booth_Multiplier_v1_0_S00_AXI_inst/axi_awready_i_1_n_0                                                               |                2 |              8 |
|  design_1_i/processing_system7_0/inst/FCLK_CLK0 | design_1_i/Booth_Multiplier_0/U0/Booth_Multiplier_v1_0_S00_AXI_inst/slv_reg3[15]_i_1_n_0                                                                       | design_1_i/Booth_Multiplier_0/U0/Booth_Multiplier_v1_0_S00_AXI_inst/axi_awready_i_1_n_0                                                               |                2 |              8 |
|  design_1_i/processing_system7_0/inst/FCLK_CLK0 | design_1_i/RSA_0/U0/RSA_v1_0_S00_AXI_inst/slv_reg2[7]_i_1_n_0                                                                                                  | design_1_i/RSA_0/U0/axi_awready_i_1_n_0                                                                                                               |                3 |              8 |
|  design_1_i/processing_system7_0/inst/FCLK_CLK0 | design_1_i/RSA_0/U0/RSA_v1_0_S00_AXI_inst/slv_reg1[23]_i_1_n_0                                                                                                 | design_1_i/RSA_0/U0/axi_awready_i_1_n_0                                                                                                               |                1 |              8 |
|  design_1_i/processing_system7_0/inst/FCLK_CLK0 | design_1_i/Booth_Multiplier_0/U0/Booth_Multiplier_v1_0_S00_AXI_inst/slv_reg2[31]_i_1_n_0                                                                       | design_1_i/Booth_Multiplier_0/U0/Booth_Multiplier_v1_0_S00_AXI_inst/axi_awready_i_1_n_0                                                               |                1 |              8 |
|  design_1_i/processing_system7_0/inst/FCLK_CLK0 | design_1_i/Booth_Multiplier_0/U0/Booth_Multiplier_v1_0_S00_AXI_inst/slv_reg2[23]_i_1_n_0                                                                       | design_1_i/Booth_Multiplier_0/U0/Booth_Multiplier_v1_0_S00_AXI_inst/axi_awready_i_1_n_0                                                               |                2 |              8 |
|  design_1_i/processing_system7_0/inst/FCLK_CLK0 | design_1_i/Booth_Multiplier_0/U0/Booth_Multiplier_v1_0_S00_AXI_inst/slv_reg2[15]_i_1_n_0                                                                       | design_1_i/Booth_Multiplier_0/U0/Booth_Multiplier_v1_0_S00_AXI_inst/axi_awready_i_1_n_0                                                               |                2 |              8 |
|  design_1_i/processing_system7_0/inst/FCLK_CLK0 | design_1_i/Booth_Multiplier_0/U0/Booth_Multiplier_v1_0_S00_AXI_inst/slv_reg1[7]_i_1_n_0                                                                        | design_1_i/Booth_Multiplier_0/U0/Booth_Multiplier_v1_0_S00_AXI_inst/axi_awready_i_1_n_0                                                               |                1 |              8 |
|  design_1_i/processing_system7_0/inst/FCLK_CLK0 | design_1_i/PID_Controller_0/U0/PID_Controller_v1_0_S00_AXI_inst/slv_reg0[15]_i_1_n_0                                                                           | design_1_i/PID_Controller_0/U0/PID_Controller_v1_0_S00_AXI_inst/axi_awready_i_1_n_0                                                                   |                2 |              8 |
|  design_1_i/processing_system7_0/inst/FCLK_CLK0 | design_1_i/Median_Filter_0/U0/Median_Filter_v1_0_S00_AXI_inst/p_1_in[7]                                                                                        | design_1_i/Median_Filter_0/U0/Median_Filter_v1_0_S00_AXI_inst/axi_awready_i_1_n_0                                                                     |                2 |              8 |
|  design_1_i/processing_system7_0/inst/FCLK_CLK0 | design_1_i/PID_Controller_0/U0/PID_Controller_v1_0_S00_AXI_inst/p_1_in[23]                                                                                     | design_1_i/PID_Controller_0/U0/PID_Controller_v1_0_S00_AXI_inst/axi_awready_i_1_n_0                                                                   |                1 |              8 |
|  design_1_i/processing_system7_0/inst/FCLK_CLK0 | design_1_i/PID_Controller_0/U0/PID_Controller_v1_0_S00_AXI_inst/p_1_in[31]                                                                                     | design_1_i/PID_Controller_0/U0/PID_Controller_v1_0_S00_AXI_inst/axi_awready_i_1_n_0                                                                   |                1 |              8 |
|  design_1_i/processing_system7_0/inst/FCLK_CLK0 | design_1_i/PID_Controller_0/U0/PID_Controller_v1_0_S00_AXI_inst/p_1_in[15]                                                                                     | design_1_i/PID_Controller_0/U0/PID_Controller_v1_0_S00_AXI_inst/axi_awready_i_1_n_0                                                                   |                2 |              8 |
|  design_1_i/processing_system7_0/inst/FCLK_CLK0 | design_1_i/PID_Controller_0/U0/PID_Controller_v1_0_S00_AXI_inst/p_1_in[0]                                                                                      | design_1_i/PID_Controller_0/U0/PID_Controller_v1_0_S00_AXI_inst/axi_awready_i_1_n_0                                                                   |                3 |              8 |
|  design_1_i/processing_system7_0/inst/FCLK_CLK0 | design_1_i/PID_Controller_0/U0/PID_Controller_v1_0_S00_AXI_inst/slv_reg1[7]_i_1_n_0                                                                            | design_1_i/PID_Controller_0/U0/PID_Controller_v1_0_S00_AXI_inst/axi_awready_i_1_n_0                                                                   |                2 |              8 |
|  design_1_i/processing_system7_0/inst/FCLK_CLK0 | design_1_i/PID_Controller_0/U0/PID_Controller_v1_0_S00_AXI_inst/slv_reg1[15]_i_1_n_0                                                                           | design_1_i/PID_Controller_0/U0/PID_Controller_v1_0_S00_AXI_inst/axi_awready_i_1_n_0                                                                   |                3 |              8 |
|  design_1_i/processing_system7_0/inst/FCLK_CLK0 | design_1_i/PID_Controller_0/U0/PID_Controller_v1_0_S00_AXI_inst/slv_reg1[31]_i_1_n_0                                                                           | design_1_i/PID_Controller_0/U0/PID_Controller_v1_0_S00_AXI_inst/axi_awready_i_1_n_0                                                                   |                1 |              8 |
|  design_1_i/processing_system7_0/inst/FCLK_CLK0 | design_1_i/PID_Controller_0/U0/PID_Controller_v1_0_S00_AXI_inst/slv_reg1[23]_i_1_n_0                                                                           | design_1_i/PID_Controller_0/U0/PID_Controller_v1_0_S00_AXI_inst/axi_awready_i_1_n_0                                                                   |                1 |              8 |
|  design_1_i/processing_system7_0/inst/FCLK_CLK0 | design_1_i/PID_Controller_0/U0/PID_Controller_v1_0_S00_AXI_inst/slv_reg0[23]_i_1_n_0                                                                           | design_1_i/PID_Controller_0/U0/PID_Controller_v1_0_S00_AXI_inst/axi_awready_i_1_n_0                                                                   |                1 |              8 |
|  design_1_i/processing_system7_0/inst/FCLK_CLK0 | design_1_i/PID_Controller_0/U0/PID_Controller_v1_0_S00_AXI_inst/slv_reg0[7]_i_1_n_0                                                                            | design_1_i/PID_Controller_0/U0/PID_Controller_v1_0_S00_AXI_inst/axi_awready_i_1_n_0                                                                   |                2 |              8 |
|  design_1_i/processing_system7_0/inst/FCLK_CLK0 | design_1_i/PID_Controller_0/U0/PID_Controller_v1_0_S00_AXI_inst/slv_reg0[31]_i_1_n_0                                                                           | design_1_i/PID_Controller_0/U0/PID_Controller_v1_0_S00_AXI_inst/axi_awready_i_1_n_0                                                                   |                1 |              8 |
|  design_1_i/processing_system7_0/inst/FCLK_CLK0 | design_1_i/Median_Filter_0/U0/Median_Filter_v1_0_S00_AXI_inst/p_1_in[15]                                                                                       | design_1_i/Median_Filter_0/U0/Median_Filter_v1_0_S00_AXI_inst/axi_awready_i_1_n_0                                                                     |                3 |              8 |
|  design_1_i/processing_system7_0/inst/FCLK_CLK0 | design_1_i/Median_Filter_0/U0/Median_Filter_v1_0_S00_AXI_inst/p_1_in[31]                                                                                       | design_1_i/Median_Filter_0/U0/Median_Filter_v1_0_S00_AXI_inst/axi_awready_i_1_n_0                                                                     |                1 |              8 |
|  design_1_i/processing_system7_0/inst/FCLK_CLK0 | design_1_i/Median_Filter_0/U0/Median_Filter_v1_0_S00_AXI_inst/p_1_in[23]                                                                                       | design_1_i/Median_Filter_0/U0/Median_Filter_v1_0_S00_AXI_inst/axi_awready_i_1_n_0                                                                     |                1 |              8 |
|  design_1_i/processing_system7_0/inst/FCLK_CLK0 | design_1_i/Median_Filter_0/U0/Median_Filter_v1_0_S00_AXI_inst/slv_reg0[7]_i_1_n_0                                                                              | design_1_i/Median_Filter_0/U0/Median_Filter_v1_0_S00_AXI_inst/axi_awready_i_1_n_0                                                                     |                2 |              8 |
|  design_1_i/processing_system7_0/inst/FCLK_CLK0 | design_1_i/Median_Filter_0/U0/Median_Filter_v1_0_S00_AXI_inst/slv_reg0[23]_i_1_n_0                                                                             | design_1_i/Median_Filter_0/U0/Median_Filter_v1_0_S00_AXI_inst/axi_awready_i_1_n_0                                                                     |                1 |              8 |
|  design_1_i/processing_system7_0/inst/FCLK_CLK0 | design_1_i/RSA_0/U0/RSA_v1_0_S00_AXI_inst/p_1_in[7]                                                                                                            | design_1_i/RSA_0/U0/axi_awready_i_1_n_0                                                                                                               |                1 |              8 |
|  design_1_i/processing_system7_0/inst/FCLK_CLK0 | design_1_i/Median_Filter_0/U0/Median_Filter_v1_0_S00_AXI_inst/slv_reg0[15]_i_1_n_0                                                                             | design_1_i/Median_Filter_0/U0/Median_Filter_v1_0_S00_AXI_inst/axi_awready_i_1_n_0                                                                     |                4 |              8 |
|  design_1_i/processing_system7_0/inst/FCLK_CLK0 | design_1_i/Median_Filter_0/U0/Median_Filter_v1_0_S00_AXI_inst/slv_reg0[31]_i_1_n_0                                                                             | design_1_i/Median_Filter_0/U0/Median_Filter_v1_0_S00_AXI_inst/axi_awready_i_1_n_0                                                                     |                1 |              8 |
|  design_1_i/processing_system7_0/inst/FCLK_CLK0 | design_1_i/RSA_0/U0/RSA_v1_0_S00_AXI_inst/slv_reg4[23]_i_1_n_0                                                                                                 | design_1_i/RSA_0/U0/axi_awready_i_1_n_0                                                                                                               |                1 |              8 |
|  design_1_i/processing_system7_0/inst/FCLK_CLK0 | design_1_i/RSA_0/U0/RSA_v1_0_S00_AXI_inst/slv_reg4[7]_i_1_n_0                                                                                                  | design_1_i/RSA_0/U0/axi_awready_i_1_n_0                                                                                                               |                4 |              8 |
|  design_1_i/processing_system7_0/inst/FCLK_CLK0 |                                                                                                                                                                | design_1_i/Median_Filter_0/U0/Median_Filter_v1_0_S00_AXI_inst/axi_awready_i_1_n_0                                                                     |                4 |             10 |
|  design_1_i/processing_system7_0/inst/FCLK_CLK0 |                                                                                                                                                                | design_1_i/ps7_0_axi_periph/s00_couplers/auto_pc/inst/gen_axilite.gen_b2s_conv.axilite_b2s/areset_d1                                                  |                5 |             10 |
|  design_1_i/processing_system7_0/inst/FCLK_CLK0 |                                                                                                                                                                | design_1_i/PID_Controller_0/U0/PID_Controller_v1_0_S00_AXI_inst/axi_awready_i_1_n_0                                                                   |                4 |             10 |
|  design_1_i/processing_system7_0/inst/FCLK_CLK0 |                                                                                                                                                                | design_1_i/RSA_0/U0/axi_awready_i_1_n_0                                                                                                               |                4 |             12 |
|  design_1_i/processing_system7_0/inst/FCLK_CLK0 |                                                                                                                                                                | design_1_i/Booth_Multiplier_0/U0/Booth_Multiplier_v1_0_S00_AXI_inst/axi_awready_i_1_n_0                                                               |                5 |             12 |
|  design_1_i/processing_system7_0/inst/FCLK_CLK0 | design_1_i/ps7_0_axi_periph/s00_couplers/auto_pc/inst/gen_axilite.gen_b2s_conv.axilite_b2s/RD.r_channel_0/r_push_r                                             |                                                                                                                                                       |                4 |             13 |
|  design_1_i/processing_system7_0/inst/FCLK_CLK0 |                                                                                                                                                                | design_1_i/ps7_0_axi_periph/xbar/inst/gen_sasd.crossbar_sasd_0/addr_arbiter_inst/SR[0]                                                                |                4 |             13 |
|  design_1_i/processing_system7_0/inst/FCLK_CLK0 | design_1_i/ps7_0_axi_periph/s00_couplers/auto_pc/inst/gen_axilite.gen_b2s_conv.axilite_b2s/SI_REG/b.b_pipe/s_ready_i_reg_0                                     |                                                                                                                                                       |                2 |             14 |
|  design_1_i/processing_system7_0/inst/FCLK_CLK0 | design_1_i/ps7_0_axi_periph/s00_couplers/auto_pc/inst/gen_axilite.gen_b2s_conv.axilite_b2s/SI_REG/b.b_pipe/p_1_in                                              |                                                                                                                                                       |                2 |             14 |
|  design_1_i/processing_system7_0/inst/FCLK_CLK0 | design_1_i/ps7_0_axi_periph/s00_couplers/auto_pc/inst/gen_axilite.gen_b2s_conv.axilite_b2s/WR.aw_channel_0/aw_cmd_fsm_0/b_push                                 |                                                                                                                                                       |                3 |             16 |
|  design_1_i/processing_system7_0/inst/FCLK_CLK0 | design_1_i/ps7_0_axi_periph/s00_couplers/auto_pc/inst/gen_axilite.gen_b2s_conv.axilite_b2s/RD.ar_channel_0/ar_cmd_fsm_0/m_valid_i_reg                          |                                                                                                                                                       |                8 |             17 |
|  design_1_i/processing_system7_0/inst/FCLK_CLK0 | design_1_i/ps7_0_axi_periph/xbar/inst/gen_sasd.crossbar_sasd_0/addr_arbiter_inst/p_0_in1_in                                                                    | design_1_i/ps7_0_axi_periph/xbar/inst/gen_sasd.crossbar_sasd_0/addr_arbiter_inst/SR[0]                                                                |                7 |             19 |
|  design_1_i/processing_system7_0/inst/FCLK_CLK0 | design_1_i/ps7_0_axi_periph/s00_couplers/auto_pc/inst/gen_axilite.gen_b2s_conv.axilite_b2s/WR.aw_channel_0/aw_cmd_fsm_0/m_axi_awready_1                        |                                                                                                                                                       |                8 |             21 |
|  design_1_i/processing_system7_0/inst/FCLK_CLK0 | design_1_i/RSA_0/U0/RSA_v1_0_S00_AXI_inst/myrsa_0/count[30]_i_1_n_0                                                                                            | design_1_i/RSA_0/U0/RSA_v1_0_S00_AXI_inst/slv_reg4[0]                                                                                                 |                7 |             31 |
|  design_1_i/processing_system7_0/inst/FCLK_CLK0 | design_1_i/RSA_0/U0/RSA_v1_0_S00_AXI_inst/myrsa_0/done_reg_0                                                                                                   | design_1_i/RSA_0/U0/RSA_v1_0_S00_AXI_inst/slv_reg4[0]                                                                                                 |                7 |             32 |
|  design_1_i/processing_system7_0/inst/FCLK_CLK0 | design_1_i/RSA_0/U0/RSA_v1_0_S00_AXI_inst/slv_reg_rden                                                                                                         | design_1_i/RSA_0/U0/axi_awready_i_1_n_0                                                                                                               |               14 |             32 |
|  design_1_i/processing_system7_0/inst/FCLK_CLK0 | design_1_i/RSA_0/U0/RSA_v1_0_S00_AXI_inst/myrsa_0/cypher0                                                                                                      |                                                                                                                                                       |                9 |             32 |
|  design_1_i/processing_system7_0/inst/FCLK_CLK0 | design_1_i/PID_Controller_0/U0/PID_Controller_v1_0_S00_AXI_inst/slv_reg_rden                                                                                   | design_1_i/PID_Controller_0/U0/PID_Controller_v1_0_S00_AXI_inst/axi_awready_i_1_n_0                                                                   |               10 |             32 |
|  design_1_i/processing_system7_0/inst/FCLK_CLK0 | design_1_i/RSA_0/U0/RSA_v1_0_S00_AXI_inst/myrsa_0/modmult/prodreg[33]_i_1_n_0                                                                                  |                                                                                                                                                       |               13 |             32 |
|  design_1_i/processing_system7_0/inst/FCLK_CLK0 | design_1_i/Booth_Multiplier_0/U0/Booth_Multiplier_v1_0_S00_AXI_inst/slv_reg_rden                                                                               | design_1_i/Booth_Multiplier_0/U0/Booth_Multiplier_v1_0_S00_AXI_inst/axi_awready_i_1_n_0                                                               |               13 |             32 |
|  design_1_i/processing_system7_0/inst/FCLK_CLK0 | design_1_i/RSA_0/U0/RSA_v1_0_S00_AXI_inst/myrsa_0/modsqr/prodreg[33]_i_1__0_n_0                                                                                |                                                                                                                                                       |               14 |             32 |
|  design_1_i/processing_system7_0/inst/FCLK_CLK0 | design_1_i/Median_Filter_0/U0/Median_Filter_v1_0_S00_AXI_inst/slv_reg_rden                                                                                     | design_1_i/Median_Filter_0/U0/Median_Filter_v1_0_S00_AXI_inst/axi_awready_i_1_n_0                                                                     |               19 |             32 |
|  design_1_i/processing_system7_0/inst/FCLK_CLK0 | design_1_i/ps7_0_axi_periph/s00_couplers/auto_pc/inst/gen_axilite.gen_b2s_conv.axilite_b2s/RD.r_channel_0/rd_data_fifo_0/wr_en0                                |                                                                                                                                                       |               10 |             34 |
|  design_1_i/processing_system7_0/inst/FCLK_CLK0 | design_1_i/ps7_0_axi_periph/xbar/inst/gen_sasd.crossbar_sasd_0/addr_arbiter_inst/E[0]                                                                          |                                                                                                                                                       |                8 |             35 |
|  design_1_i/processing_system7_0/inst/FCLK_CLK0 | design_1_i/ps7_0_axi_periph/s00_couplers/auto_pc/inst/gen_axilite.gen_b2s_conv.axilite_b2s/RD.ar_channel_0/ar_cmd_fsm_0/FSM_sequential_state_reg[1]_0[0]       |                                                                                                                                                       |                8 |             44 |
|  design_1_i/processing_system7_0/inst/FCLK_CLK0 | design_1_i/ps7_0_axi_periph/s00_couplers/auto_pc/inst/gen_axilite.gen_b2s_conv.axilite_b2s/SI_REG/ar.ar_pipe/s_ready_i_reg_0                                   |                                                                                                                                                       |                9 |             44 |
|  design_1_i/processing_system7_0/inst/FCLK_CLK0 | design_1_i/ps7_0_axi_periph/s00_couplers/auto_pc/inst/gen_axilite.gen_b2s_conv.axilite_b2s/SI_REG/aw.aw_pipe/s_ready_i_reg_0                                   |                                                                                                                                                       |                9 |             44 |
|  design_1_i/processing_system7_0/inst/FCLK_CLK0 | design_1_i/ps7_0_axi_periph/s00_couplers/auto_pc/inst/gen_axilite.gen_b2s_conv.axilite_b2s/WR.aw_channel_0/aw_cmd_fsm_0/m_valid_i_reg[0]                       |                                                                                                                                                       |                7 |             44 |
|  design_1_i/processing_system7_0/inst/FCLK_CLK0 | design_1_i/ps7_0_axi_periph/s00_couplers/auto_pc/inst/gen_axilite.gen_b2s_conv.axilite_b2s/SI_REG/r.r_pipe/p_1_in                                              |                                                                                                                                                       |                8 |             47 |
|  design_1_i/processing_system7_0/inst/FCLK_CLK0 | design_1_i/ps7_0_axi_periph/s00_couplers/auto_pc/inst/gen_axilite.gen_b2s_conv.axilite_b2s/SI_REG/r.r_pipe/s_ready_i_reg_0                                     |                                                                                                                                                       |                9 |             47 |
|  design_1_i/processing_system7_0/inst/FCLK_CLK0 | design_1_i/RSA_0/U0/RSA_v1_0_S00_AXI_inst/myrsa_0/modmult/mpreg[31]_i_1_n_0                                                                                    |                                                                                                                                                       |               18 |             66 |
|  design_1_i/processing_system7_0/inst/FCLK_CLK0 | design_1_i/RSA_0/U0/RSA_v1_0_S00_AXI_inst/myrsa_0/modsqr/prodreg[33]_i_2__0_n_0                                                                                | design_1_i/RSA_0/U0/RSA_v1_0_S00_AXI_inst/myrsa_0/modsqr/prodreg[33]_i_1__0_n_0                                                                       |               22 |             66 |
|  design_1_i/processing_system7_0/inst/FCLK_CLK0 |                                                                                                                                                                | design_1_i/PID_Controller_0/U0/PID_Controller_v1_0_S00_AXI_inst/RESET_I                                                                               |               11 |             66 |
|  design_1_i/processing_system7_0/inst/FCLK_CLK0 | design_1_i/RSA_0/U0/RSA_v1_0_S00_AXI_inst/myrsa_0/modsqr/mpreg[31]_i_1__0_n_0                                                                                  |                                                                                                                                                       |               18 |             66 |
|  design_1_i/processing_system7_0/inst/FCLK_CLK0 | design_1_i/RSA_0/U0/RSA_v1_0_S00_AXI_inst/myrsa_0/modmult/prodreg[33]_i_2_n_0                                                                                  | design_1_i/RSA_0/U0/RSA_v1_0_S00_AXI_inst/myrsa_0/modmult/prodreg[33]_i_1_n_0                                                                         |               18 |             66 |
|  design_1_i/processing_system7_0/inst/FCLK_CLK0 | design_1_i/RSA_0/U0/RSA_v1_0_S00_AXI_inst/myrsa_0/root[31]_i_1_n_0                                                                                             | design_1_i/RSA_0/U0/RSA_v1_0_S00_AXI_inst/slv_reg4[0]                                                                                                 |               26 |             96 |
|  design_1_i/processing_system7_0/inst/FCLK_CLK0 | design_1_i/Booth_Multiplier_0/U0/Booth_Multiplier_v1_0_S00_AXI_inst/slv_reg3[0]                                                                                | design_1_i/Booth_Multiplier_0/U0/Booth_Multiplier_v1_0_S00_AXI_inst/slv_reg2[0]                                                                       |               29 |            121 |
|  design_1_i/processing_system7_0/inst/FCLK_CLK0 |                                                                                                                                                                |                                                                                                                                                       |               52 |            184 |
+-------------------------------------------------+----------------------------------------------------------------------------------------------------------------------------------------------------------------+-------------------------------------------------------------------------------------------------------------------------------------------------------+------------------+----------------+


